<?xml version="1.0" encoding="UTF-8"?>
<!-- Generated by org.testng.reporters.JUnitXMLReporter -->
<testsuite hostname="DESKTOP-8L4ELD8" tests="2" failures="1" timestamp="13 Apr 2019 16:44:13 GMT" time="55.286" errors="0">
  <testcase name="feature" time="0.35" classname="TestRunner"/>
  <testcase name="feature" time="53.616" classname="TestRunner">
    <failure type="cucumber.runtime.CucumberException" message="org.openqa.selenium.WebDriverException: Failed to connect to binary FirefoxBinary(C:\Program Files (x86)\Mozilla Firefox\firefox.exe) on port 7055; process output follows: 
ghtbulb.svg&amp;quot;,&amp;quot;48&amp;quot;:&amp;quot;icons/lightbulb.svg&amp;quot;,&amp;quot;96&amp;quot;:&amp;quot;icons/lightbulb.svg&amp;quot;,&amp;quot;128&amp;quot;:&amp;quot;icons/lightbulb.svg&amp;quot;},&amp;quot;iconURL&amp;quot;:null,&amp;quot;blocklistState&amp;quot;:0,&amp;quot;blocklistURL&amp;quot;:null,&amp;quot;startupData&amp;quot;:null,&amp;quot;hidden&amp;quot;:true,&amp;quot;installTelemetryInfo&amp;quot;:null,&amp;quot;location&amp;quot;:&amp;quot;app-system-defaults&amp;quot;}
1555173807447	addons.xpi	DEBUG	Updating XPIState for {&amp;quot;id&amp;quot;:&amp;quot;webcompat@mozilla.org&amp;quot;,&amp;quot;syncGUID&amp;quot;:&amp;quot;{a0d39ca2-bca4-4e5a-ae7c-5124376227a4}&amp;quot;,&amp;quot;version&amp;quot;:&amp;quot;3.0.2&amp;quot;,&amp;quot;type&amp;quot;:&amp;quot;extension&amp;quot;,&amp;quot;loader&amp;quot;:null,&amp;quot;updateURL&amp;quot;:null,&amp;quot;optionsURL&amp;quot;:null,&amp;quot;optionsType&amp;quot;:null,&amp;quot;optionsBrowserStyle&amp;quot;:true,&amp;quot;aboutURL&amp;quot;:null,&amp;quot;defaultLocale&amp;quot;:{&amp;quot;name&amp;quot;:&amp;quot;Web Compat&amp;quot;,&amp;quot;description&amp;quot;:&amp;quot;Urgent post-release fixes for web compatibility.&amp;quot;,&amp;quot;creator&amp;quot;:null,&amp;quot;developers&amp;quot;:null,&amp;quot;translators&amp;quot;:null,&amp;quot;contributors&amp;quot;:null},&amp;quot;visible&amp;quot;:true,&amp;quot;active&amp;quot;:true,&amp;quot;userDisabled&amp;quot;:false,&amp;quot;appDisabled&amp;quot;:false,&amp;quot;installDate&amp;quot;:1554571702928,&amp;quot;updateDate&amp;quot;:1554571702928,&amp;quot;applyBackgroundUpdates&amp;quot;:1,&amp;quot;path&amp;quot;:&amp;quot;C:\\Program Files (x86)\\Mozilla Firefox\\browser\\features\\webcompat@mozilla.org.xpi&amp;quot;,&amp;quot;skinnable&amp;quot;:false,&amp;quot;sourceURI&amp;quot;:null,&amp;quot;releaseNotesURI&amp;quot;:null,&amp;quot;softDisabled&amp;quot;:false,&amp;quot;foreignInstall&amp;quot;:false,&amp;quot;strictCompatibility&amp;quot;:true,&amp;quot;locales&amp;quot;:[],&amp;quot;targetApplications&amp;quot;:[{&amp;quot;id&amp;quot;:&amp;quot;toolkit@mozilla.org&amp;quot;,&amp;quot;minVersion&amp;quot;:&amp;quot;59.0b5&amp;quot;,&amp;quot;maxVersion&amp;quot;:null}],&amp;quot;targetPlatforms&amp;quot;:[],&amp;quot;seen&amp;quot;:true,&amp;quot;dependencies&amp;quot;:[],&amp;quot;userPermissions&amp;quot;:{&amp;quot;permissions&amp;quot;:[&amp;quot;webRequest&amp;quot;,&amp;quot;webRequestBlocking&amp;quot;],&amp;quot;origins&amp;quot;:[&amp;quot;&amp;lt;all_urls&amp;gt;&amp;quot;]},&amp;quot;icons&amp;quot;:{},&amp;quot;iconURL&amp;quot;:null,&amp;quot;blocklistState&amp;quot;:0,&amp;quot;blocklistURL&amp;quot;:null,&amp;quot;startupData&amp;quot;:null,&amp;quot;hidden&amp;quot;:true,&amp;quot;installTelemetryInfo&amp;quot;:null,&amp;quot;location&amp;quot;:&amp;quot;app-system-defaults&amp;quot;}
1555173807447	addons.xpi-utils	DEBUG	Updating add-on states
1555173807451	addons.xpi	DEBUG	Calling bootstrap method startup on formautofill@mozilla.org version 1.0
1555173807454	addons.xpi	DEBUG	Calling bootstrap method startup on screenshots@mozilla.org version 35.0.0
1555173807456	addons.xpi	DEBUG	Calling bootstrap method startup on webcompat@mozilla.org version 3.0.2
1555173807459	addons.manager	DEBUG	Registering shutdown blocker for XPIProvider
1555173807460	addons.manager	DEBUG	Provider finished startup: XPIProvider
1555173807460	addons.manager	DEBUG	Starting provider: LightweightThemeManager
1555173807460	addons.manager	DEBUG	Registering shutdown blocker for LightweightThemeManager
1555173807461	addons.manager	DEBUG	Provider finished startup: LightweightThemeManager
1555173807462	addons.manager	DEBUG	Starting provider: GMPProvider
1555173807466	addons.manager	DEBUG	Registering shutdown blocker for GMPProvider
1555173807467	addons.manager	DEBUG	Provider finished startup: GMPProvider
1555173807467	addons.manager	DEBUG	Starting provider: PluginProvider
1555173807467	addons.manager	DEBUG	Registering shutdown blocker for PluginProvider
1555173807467	addons.manager	DEBUG	Provider finished startup: PluginProvider
1555173807477	addons.manager	DEBUG	Completed startup sequence
1555173809358	addons.xpi-utils	DEBUG	XPI Database saved, setting schema version preference to 28
1555173810094	addons.repository	DEBUG	No addons.json found.
1555173812667	addons.xpi	DEBUG	Ignoring file: name is not a valid add-on ID: C:\Users\TriNity\AppData\Local\Temp\anonymous8253210130243637588webdriver-profile\extensions\webdriver-staging
1555173812679	addons.xpi	DEBUG	Existing add-on formautofill@mozilla.org in app-system-defaults
1555173812680	addons.xpi	DEBUG	Existing add-on screenshots@mozilla.org in app-system-defaults
1555173812680	addons.xpi	DEBUG	Existing add-on webcompat-reporter@mozilla.org in app-system-defaults
1555173812681	addons.xpi	DEBUG	Existing add-on webcompat@mozilla.org in app-system-defaults
1555173812682	addons.xpi	DEBUG	scanForChanges changed: false, state: {}
JavaScript error: resource://gre/modules/addons/XPIProvider.jsm, line 2614: TypeError: addon is null
1555173812866	addons.manager	DEBUG	Registering upgrade listener for formautofill@mozilla.org
[Child 14696, Chrome_ChildThread] WARNING: pipe error: 109: file z:/build/build/src/ipc/chromium/src/chrome/common/ipc_channel_win.cc, line 332
[Child 14696, Chrome_ChildThread] WARNING: pipe error: 109: file z:/build/build/src/ipc/chromium/src/chrome/common/ipc_channel_win.cc, line 332

Build info: version: &amp;apos;3.0.1&amp;apos;, revision: &amp;apos;1969d75&amp;apos;, time: &amp;apos;2016-10-18 09:49:13 -0700&amp;apos;
System info: host: &amp;apos;DESKTOP-8L4ELD8&amp;apos;, ip: &amp;apos;192.168.15.204&amp;apos;, os.name: &amp;apos;Windows 10&amp;apos;, os.arch: &amp;apos;amd64&amp;apos;, os.version: &amp;apos;10.0&amp;apos;, java.version: &amp;apos;1.8.0_201&amp;apos;
Driver info: driver.version: FirefoxDriver">
      <![CDATA[cucumber.runtime.CucumberException: org.openqa.selenium.WebDriverException: Failed to connect to binary FirefoxBinary(C:\Program Files (x86)\Mozilla Firefox\firefox.exe) on port 7055; process output follows: 
ghtbulb.svg","48":"icons/lightbulb.svg","96":"icons/lightbulb.svg","128":"icons/lightbulb.svg"},"iconURL":null,"blocklistState":0,"blocklistURL":null,"startupData":null,"hidden":true,"installTelemetryInfo":null,"location":"app-system-defaults"}
1555173807447	addons.xpi	DEBUG	Updating XPIState for {"id":"webcompat@mozilla.org","syncGUID":"{a0d39ca2-bca4-4e5a-ae7c-5124376227a4}","version":"3.0.2","type":"extension","loader":null,"updateURL":null,"optionsURL":null,"optionsType":null,"optionsBrowserStyle":true,"aboutURL":null,"defaultLocale":{"name":"Web Compat","description":"Urgent post-release fixes for web compatibility.","creator":null,"developers":null,"translators":null,"contributors":null},"visible":true,"active":true,"userDisabled":false,"appDisabled":false,"installDate":1554571702928,"updateDate":1554571702928,"applyBackgroundUpdates":1,"path":"C:\\Program Files (x86)\\Mozilla Firefox\\browser\\features\\webcompat@mozilla.org.xpi","skinnable":false,"sourceURI":null,"releaseNotesURI":null,"softDisabled":false,"foreignInstall":false,"strictCompatibility":true,"locales":[],"targetApplications":[{"id":"toolkit@mozilla.org","minVersion":"59.0b5","maxVersion":null}],"targetPlatforms":[],"seen":true,"dependencies":[],"userPermissions":{"permissions":["webRequest","webRequestBlocking"],"origins":["<all_urls>"]},"icons":{},"iconURL":null,"blocklistState":0,"blocklistURL":null,"startupData":null,"hidden":true,"installTelemetryInfo":null,"location":"app-system-defaults"}
1555173807447	addons.xpi-utils	DEBUG	Updating add-on states
1555173807451	addons.xpi	DEBUG	Calling bootstrap method startup on formautofill@mozilla.org version 1.0
1555173807454	addons.xpi	DEBUG	Calling bootstrap method startup on screenshots@mozilla.org version 35.0.0
1555173807456	addons.xpi	DEBUG	Calling bootstrap method startup on webcompat@mozilla.org version 3.0.2
1555173807459	addons.manager	DEBUG	Registering shutdown blocker for XPIProvider
1555173807460	addons.manager	DEBUG	Provider finished startup: XPIProvider
1555173807460	addons.manager	DEBUG	Starting provider: LightweightThemeManager
1555173807460	addons.manager	DEBUG	Registering shutdown blocker for LightweightThemeManager
1555173807461	addons.manager	DEBUG	Provider finished startup: LightweightThemeManager
1555173807462	addons.manager	DEBUG	Starting provider: GMPProvider
1555173807466	addons.manager	DEBUG	Registering shutdown blocker for GMPProvider
1555173807467	addons.manager	DEBUG	Provider finished startup: GMPProvider
1555173807467	addons.manager	DEBUG	Starting provider: PluginProvider
1555173807467	addons.manager	DEBUG	Registering shutdown blocker for PluginProvider
1555173807467	addons.manager	DEBUG	Provider finished startup: PluginProvider
1555173807477	addons.manager	DEBUG	Completed startup sequence
1555173809358	addons.xpi-utils	DEBUG	XPI Database saved, setting schema version preference to 28
1555173810094	addons.repository	DEBUG	No addons.json found.
1555173812667	addons.xpi	DEBUG	Ignoring file: name is not a valid add-on ID: C:\Users\TriNity\AppData\Local\Temp\anonymous8253210130243637588webdriver-profile\extensions\webdriver-staging
1555173812679	addons.xpi	DEBUG	Existing add-on formautofill@mozilla.org in app-system-defaults
1555173812680	addons.xpi	DEBUG	Existing add-on screenshots@mozilla.org in app-system-defaults
1555173812680	addons.xpi	DEBUG	Existing add-on webcompat-reporter@mozilla.org in app-system-defaults
1555173812681	addons.xpi	DEBUG	Existing add-on webcompat@mozilla.org in app-system-defaults
1555173812682	addons.xpi	DEBUG	scanForChanges changed: false, state: {}
JavaScript error: resource://gre/modules/addons/XPIProvider.jsm, line 2614: TypeError: addon is null
1555173812866	addons.manager	DEBUG	Registering upgrade listener for formautofill@mozilla.org
[Child 14696, Chrome_ChildThread] WARNING: pipe error: 109: file z:/build/build/src/ipc/chromium/src/chrome/common/ipc_channel_win.cc, line 332
[Child 14696, Chrome_ChildThread] WARNING: pipe error: 109: file z:/build/build/src/ipc/chromium/src/chrome/common/ipc_channel_win.cc, line 332

Build info: version: '3.0.1', revision: '1969d75', time: '2016-10-18 09:49:13 -0700'
System info: host: 'DESKTOP-8L4ELD8', ip: '192.168.15.204', os.name: 'Windows 10', os.arch: 'amd64', os.version: '10.0', java.version: '1.8.0_201'
Driver info: driver.version: FirefoxDriver
	at cucumber.api.testng.TestNGCucumberRunner.runCucumber(TestNGCucumberRunner.java:69)
	at TestRunner.feature(TestRunner.java:31)
Caused by: org.openqa.selenium.WebDriverException: Failed to connect to binary FirefoxBinary(C:\Program Files (x86)\Mozilla Firefox\firefox.exe) on port 7055; process output follows: 
ghtbulb.svg","48":"icons/lightbulb.svg","96":"icons/lightbulb.svg","128":"icons/lightbulb.svg"},"iconURL":null,"blocklistState":0,"blocklistURL":null,"startupData":null,"hidden":true,"installTelemetryInfo":null,"location":"app-system-defaults"}
1555173807447	addons.xpi	DEBUG	Updating XPIState for {"id":"webcompat@mozilla.org","syncGUID":"{a0d39ca2-bca4-4e5a-ae7c-5124376227a4}","version":"3.0.2","type":"extension","loader":null,"updateURL":null,"optionsURL":null,"optionsType":null,"optionsBrowserStyle":true,"aboutURL":null,"defaultLocale":{"name":"Web Compat","description":"Urgent post-release fixes for web compatibility.","creator":null,"developers":null,"translators":null,"contributors":null},"visible":true,"active":true,"userDisabled":false,"appDisabled":false,"installDate":1554571702928,"updateDate":1554571702928,"applyBackgroundUpdates":1,"path":"C:\\Program Files (x86)\\Mozilla Firefox\\browser\\features\\webcompat@mozilla.org.xpi","skinnable":false,"sourceURI":null,"releaseNotesURI":null,"softDisabled":false,"foreignInstall":false,"strictCompatibility":true,"locales":[],"targetApplications":[{"id":"toolkit@mozilla.org","minVersion":"59.0b5","maxVersion":null}],"targetPlatforms":[],"seen":true,"dependencies":[],"userPermissions":{"permissions":["webRequest","webRequestBlocking"],"origins":["<all_urls>"]},"icons":{},"iconURL":null,"blocklistState":0,"blocklistURL":null,"startupData":null,"hidden":true,"installTelemetryInfo":null,"location":"app-system-defaults"}
1555173807447	addons.xpi-utils	DEBUG	Updating add-on states
1555173807451	addons.xpi	DEBUG	Calling bootstrap method startup on formautofill@mozilla.org version 1.0
1555173807454	addons.xpi	DEBUG	Calling bootstrap method startup on screenshots@mozilla.org version 35.0.0
1555173807456	addons.xpi	DEBUG	Calling bootstrap method startup on webcompat@mozilla.org version 3.0.2
1555173807459	addons.manager	DEBUG	Registering shutdown blocker for XPIProvider
1555173807460	addons.manager	DEBUG	Provider finished startup: XPIProvider
1555173807460	addons.manager	DEBUG	Starting provider: LightweightThemeManager
1555173807460	addons.manager	DEBUG	Registering shutdown blocker for LightweightThemeManager
1555173807461	addons.manager	DEBUG	Provider finished startup: LightweightThemeManager
1555173807462	addons.manager	DEBUG	Starting provider: GMPProvider
1555173807466	addons.manager	DEBUG	Registering shutdown blocker for GMPProvider
1555173807467	addons.manager	DEBUG	Provider finished startup: GMPProvider
1555173807467	addons.manager	DEBUG	Starting provider: PluginProvider
1555173807467	addons.manager	DEBUG	Registering shutdown blocker for PluginProvider
1555173807467	addons.manager	DEBUG	Provider finished startup: PluginProvider
1555173807477	addons.manager	DEBUG	Completed startup sequence
1555173809358	addons.xpi-utils	DEBUG	XPI Database saved, setting schema version preference to 28
1555173810094	addons.repository	DEBUG	No addons.json found.
1555173812667	addons.xpi	DEBUG	Ignoring file: name is not a valid add-on ID: C:\Users\TriNity\AppData\Local\Temp\anonymous8253210130243637588webdriver-profile\extensions\webdriver-staging
1555173812679	addons.xpi	DEBUG	Existing add-on formautofill@mozilla.org in app-system-defaults
1555173812680	addons.xpi	DEBUG	Existing add-on screenshots@mozilla.org in app-system-defaults
1555173812680	addons.xpi	DEBUG	Existing add-on webcompat-reporter@mozilla.org in app-system-defaults
1555173812681	addons.xpi	DEBUG	Existing add-on webcompat@mozilla.org in app-system-defaults
1555173812682	addons.xpi	DEBUG	scanForChanges changed: false, state: {}
JavaScript error: resource://gre/modules/addons/XPIProvider.jsm, line 2614: TypeError: addon is null
1555173812866	addons.manager	DEBUG	Registering upgrade listener for formautofill@mozilla.org
[Child 14696, Chrome_ChildThread] WARNING: pipe error: 109: file z:/build/build/src/ipc/chromium/src/chrome/common/ipc_channel_win.cc, line 332
[Child 14696, Chrome_ChildThread] WARNING: pipe error: 109: file z:/build/build/src/ipc/chromium/src/chrome/common/ipc_channel_win.cc, line 332

Build info: version: '3.0.1', revision: '1969d75', time: '2016-10-18 09:49:13 -0700'
System info: host: 'DESKTOP-8L4ELD8', ip: '192.168.15.204', os.name: 'Windows 10', os.arch: 'amd64', os.version: '10.0', java.version: '1.8.0_201'
Driver info: driver.version: FirefoxDriver
	at org.openqa.selenium.firefox.internal.NewProfileExtensionConnection.start(NewProfileExtensionConnection.java:125)
	at org.openqa.selenium.firefox.FirefoxDriver.startClient(FirefoxDriver.java:347)
	at org.openqa.selenium.remote.RemoteWebDriver.<init>(RemoteWebDriver.java:116)
	at org.openqa.selenium.firefox.FirefoxDriver.<init>(FirefoxDriver.java:259)
	at org.openqa.selenium.firefox.FirefoxDriver.<init>(FirefoxDriver.java:247)
	at org.openqa.selenium.firefox.FirefoxDriver.<init>(FirefoxDriver.java:242)
	at org.openqa.selenium.firefox.FirefoxDriver.<init>(FirefoxDriver.java:238)
	at org.openqa.selenium.firefox.FirefoxDriver.<init>(FirefoxDriver.java:127)
	at stepdefinition.SearchStep.i_an_on_Google_Search_page(SearchStep.java:16)
	at ✽.Given I an on Google Search page(search.feature:7)
Caused by: org.openqa.selenium.firefox.NotConnectedException: Unable to connect to host 127.0.0.1 on port 7055 after 45000 ms. Firefox console output:
ghtbulb.svg","48":"icons/lightbulb.svg","96":"icons/lightbulb.svg","128":"icons/lightbulb.svg"},"iconURL":null,"blocklistState":0,"blocklistURL":null,"startupData":null,"hidden":true,"installTelemetryInfo":null,"location":"app-system-defaults"}
1555173807447	addons.xpi	DEBUG	Updating XPIState for {"id":"webcompat@mozilla.org","syncGUID":"{a0d39ca2-bca4-4e5a-ae7c-5124376227a4}","version":"3.0.2","type":"extension","loader":null,"updateURL":null,"optionsURL":null,"optionsType":null,"optionsBrowserStyle":true,"aboutURL":null,"defaultLocale":{"name":"Web Compat","description":"Urgent post-release fixes for web compatibility.","creator":null,"developers":null,"translators":null,"contributors":null},"visible":true,"active":true,"userDisabled":false,"appDisabled":false,"installDate":1554571702928,"updateDate":1554571702928,"applyBackgroundUpdates":1,"path":"C:\\Program Files (x86)\\Mozilla Firefox\\browser\\features\\webcompat@mozilla.org.xpi","skinnable":false,"sourceURI":null,"releaseNotesURI":null,"softDisabled":false,"foreignInstall":false,"strictCompatibility":true,"locales":[],"targetApplications":[{"id":"toolkit@mozilla.org","minVersion":"59.0b5","maxVersion":null}],"targetPlatforms":[],"seen":true,"dependencies":[],"userPermissions":{"permissions":["webRequest","webRequestBlocking"],"origins":["<all_urls>"]},"icons":{},"iconURL":null,"blocklistState":0,"blocklistURL":null,"startupData":null,"hidden":true,"installTelemetryInfo":null,"location":"app-system-defaults"}
1555173807447	addons.xpi-utils	DEBUG	Updating add-on states
1555173807451	addons.xpi	DEBUG	Calling bootstrap method startup on formautofill@mozilla.org version 1.0
1555173807454	addons.xpi	DEBUG	Calling bootstrap method startup on screenshots@mozilla.org version 35.0.0
1555173807456	addons.xpi	DEBUG	Calling bootstrap method startup on webcompat@mozilla.org version 3.0.2
1555173807459	addons.manager	DEBUG	Registering shutdown blocker for XPIProvider
1555173807460	addons.manager	DEBUG	Provider finished startup: XPIProvider
1555173807460	addons.manager	DEBUG	Starting provider: LightweightThemeManager
1555173807460	addons.manager	DEBUG	Registering shutdown blocker for LightweightThemeManager
1555173807461	addons.manager	DEBUG	Provider finished startup: LightweightThemeManager
1555173807462	addons.manager	DEBUG	Starting provider: GMPProvider
1555173807466	addons.manager	DEBUG	Registering shutdown blocker for GMPProvider
1555173807467	addons.manager	DEBUG	Provider finished startup: GMPProvider
1555173807467	addons.manager	DEBUG	Starting provider: PluginProvider
1555173807467	addons.manager	DEBUG	Registering shutdown blocker for PluginProvider
1555173807467	addons.manager	DEBUG	Provider finished startup: PluginProvider
1555173807477	addons.manager	DEBUG	Completed startup sequence
1555173809358	addons.xpi-utils	DEBUG	XPI Database saved, setting schema version preference to 28
1555173810094	addons.repository	DEBUG	No addons.json found.
1555173812667	addons.xpi	DEBUG	Ignoring file: name is not a valid add-on ID: C:\Users\TriNity\AppData\Local\Temp\anonymous8253210130243637588webdriver-profile\extensions\webdriver-staging
1555173812679	addons.xpi	DEBUG	Existing add-on formautofill@mozilla.org in app-system-defaults
1555173812680	addons.xpi	DEBUG	Existing add-on screenshots@mozilla.org in app-system-defaults
1555173812680	addons.xpi	DEBUG	Existing add-on webcompat-reporter@mozilla.org in app-system-defaults
1555173812681	addons.xpi	DEBUG	Existing add-on webcompat@mozilla.org in app-system-defaults
1555173812682	addons.xpi	DEBUG	scanForChanges changed: false, state: {}
JavaScript error: resource://gre/modules/addons/XPIProvider.jsm, line 2614: TypeError: addon is null
1555173812866	addons.manager	DEBUG	Registering upgrade listener for formautofill@mozilla.org
[Child 14696, Chrome_ChildThread] WARNING: pipe error: 109: file z:/build/build/src/ipc/chromium/src/chrome/common/ipc_channel_win.cc, line 332
[Child 14696, Chrome_ChildThread] WARNING: pipe error: 109: file z:/build/build/src/ipc/chromium/src/chrome/common/ipc_channel_win.cc, line 332

	at org.openqa.selenium.firefox.internal.NewProfileExtensionConnection.start(NewProfileExtensionConnection.java:113)
	at org.openqa.selenium.firefox.FirefoxDriver.startClient(FirefoxDriver.java:347)
	at org.openqa.selenium.remote.RemoteWebDriver.<init>(RemoteWebDriver.java:116)
	at org.openqa.selenium.firefox.FirefoxDriver.<init>(FirefoxDriver.java:259)
	at org.openqa.selenium.firefox.FirefoxDriver.<init>(FirefoxDriver.java:247)
	at org.openqa.selenium.firefox.FirefoxDriver.<init>(FirefoxDriver.java:242)
	at org.openqa.selenium.firefox.FirefoxDriver.<init>(FirefoxDriver.java:238)
	at org.openqa.selenium.firefox.FirefoxDriver.<init>(FirefoxDriver.java:127)
	at stepdefinition.SearchStep.i_an_on_Google_Search_page(SearchStep.java:16)
	at cucumber.runtime.Utils$1.call(Utils.java:40)
	at cucumber.runtime.Timeout.timeout(Timeout.java:16)
	at cucumber.runtime.Utils.invoke(Utils.java:34)
	at cucumber.runtime.java.JavaStepDefinition.execute(JavaStepDefinition.java:38)
	at cucumber.runtime.StepDefinitionMatch.runStep(StepDefinitionMatch.java:37)
	at cucumber.runtime.Runtime.runStep(Runtime.java:300)
	at cucumber.runtime.model.StepContainer.runStep(StepContainer.java:44)
	at cucumber.runtime.model.StepContainer.runSteps(StepContainer.java:39)
	at cucumber.runtime.model.CucumberScenario.run(CucumberScenario.java:44)
	at cucumber.runtime.model.CucumberFeature.run(CucumberFeature.java:165)
	at cucumber.api.testng.TestNGCucumberRunner.runCucumber(TestNGCucumberRunner.java:63)
	at TestRunner.feature(TestRunner.java:31)
... Removed 62 stack frames]]>
    </failure>
  </testcase> <!-- feature -->
</testsuite>
