<?xml version="1.0" encoding="UTF-8"?>
<testng-results skipped="0" failed="0" total="2" passed="2">
  <reporter-output>
  </reporter-output>
  <suite name="Surefire suite" duration-ms="1700" started-at="2019-03-30T19:32:41Z" finished-at="2019-03-30T19:32:43Z">
    <groups>
      <group name="cucumber">
        <method signature="TestRunner.feature(cucumber.api.testng.CucumberFeatureWrapper)[pri:0, instance:TestRunner@5d624da6]" name="feature" class="TestRunner"/>
      </group> <!-- cucumber -->
    </groups>
    <test name="Surefire test" duration-ms="1700" started-at="2019-03-30T19:32:41Z" finished-at="2019-03-30T19:32:43Z">
      <class name="TestRunner">
        <test-method status="PASS" signature="setUpClass()[pri:0, instance:TestRunner@5d624da6]" name="setUpClass" is-config="true" duration-ms="741" started-at="2019-03-30T19:32:41Z" finished-at="2019-03-30T19:32:42Z">
          <reporter-output>
          </reporter-output>
        </test-method> <!-- setUpClass -->
        <test-method status="PASS" signature="feature(cucumber.api.testng.CucumberFeatureWrapper)[pri:0, instance:TestRunner@5d624da6]" name="feature" duration-ms="487" started-at="2019-03-30T19:32:42Z" description="Runs Cucumber Feature" data-provider="features" finished-at="2019-03-30T19:32:43Z">
          <params>
            <param index="0">
              <value>
                <![CDATA[Login Profile]]>
              </value>
            </param>
          </params>
          <reporter-output>
          </reporter-output>
        </test-method> <!-- feature -->
        <test-method status="PASS" signature="feature(cucumber.api.testng.CucumberFeatureWrapper)[pri:0, instance:TestRunner@5d624da6]" name="feature" duration-ms="20" started-at="2019-03-30T19:32:43Z" description="Runs Cucumber Feature" data-provider="features" finished-at="2019-03-30T19:32:43Z">
          <params>
            <param index="0">
              <value>
                <![CDATA[Google Search]]>
              </value>
            </param>
          </params>
          <reporter-output>
          </reporter-output>
        </test-method> <!-- feature -->
        <test-method status="PASS" signature="tearDownClass()[pri:0, instance:TestRunner@5d624da6]" name="tearDownClass" is-config="true" duration-ms="80" started-at="2019-03-30T19:32:43Z" finished-at="2019-03-30T19:32:43Z">
          <reporter-output>
          </reporter-output>
        </test-method> <!-- tearDownClass -->
      </class> <!-- TestRunner -->
    </test> <!-- Surefire test -->
  </suite> <!-- Surefire suite -->
</testng-results>
