<?xml version="1.0" encoding="UTF-8"?>
<testng-results skipped="0" failed="0" total="2" passed="2">
  <reporter-output>
  </reporter-output>
  <suite name="Surefire suite" duration-ms="64623" started-at="2019-04-14T19:48:23Z" finished-at="2019-04-14T19:49:28Z">
    <groups>
      <group name="cucumber">
        <method signature="TestRunner.feature(cucumber.api.testng.CucumberFeatureWrapper)[pri:0, instance:TestRunner@5d5eef3d]" name="feature" class="TestRunner"/>
      </group> <!-- cucumber -->
    </groups>
    <test name="Surefire test" duration-ms="64623" started-at="2019-04-14T19:48:23Z" finished-at="2019-04-14T19:49:28Z">
      <class name="TestRunner">
        <test-method status="PASS" signature="setUpClass()[pri:0, instance:TestRunner@5d5eef3d]" name="setUpClass" is-config="true" duration-ms="1099" started-at="2019-04-14T20:48:23Z" finished-at="2019-04-14T20:48:24Z">
          <reporter-output>
          </reporter-output>
        </test-method> <!-- setUpClass -->
        <test-method status="PASS" signature="feature(cucumber.api.testng.CucumberFeatureWrapper)[pri:0, instance:TestRunner@5d5eef3d]" name="feature" duration-ms="397" started-at="2019-04-14T20:48:24Z" description="Runs Cucumber Feature" data-provider="features" finished-at="2019-04-14T20:48:25Z">
          <params>
            <param index="0">
              <value>
                <![CDATA[Login Profile]]>
              </value>
            </param>
          </params>
          <reporter-output>
          </reporter-output>
        </test-method> <!-- feature -->
        <test-method status="PASS" signature="feature(cucumber.api.testng.CucumberFeatureWrapper)[pri:0, instance:TestRunner@5d5eef3d]" name="feature" duration-ms="62800" started-at="2019-04-14T20:48:25Z" description="Runs Cucumber Feature" data-provider="features" finished-at="2019-04-14T20:49:28Z">
          <params>
            <param index="0">
              <value>
                <![CDATA[Google Search]]>
              </value>
            </param>
          </params>
          <reporter-output>
          </reporter-output>
        </test-method> <!-- feature -->
        <test-method status="PASS" signature="tearDownClass()[pri:0, instance:TestRunner@5d5eef3d]" name="tearDownClass" is-config="true" duration-ms="28" started-at="2019-04-14T20:49:28Z" finished-at="2019-04-14T20:49:28Z">
          <reporter-output>
          </reporter-output>
        </test-method> <!-- tearDownClass -->
      </class> <!-- TestRunner -->
    </test> <!-- Surefire test -->
  </suite> <!-- Surefire suite -->
</testng-results>
